<?xml version="1.0" encoding="UTF-8"?>
<!-- Generated by org.testng.reporters.JUnitReportReporter -->
<testsuite skipped="0" hostname="DESKTOP-VJ143UQ" name="com.testcases.Hotel_SearchTest" tests="6" failures="0" timestamp="2021-12-07T08:42:55 IST" time="252.528" errors="0">
  <testcase name="validatesearchhotelTest" time="28.838" classname="com.testcases.Hotel_SearchTest"/>
  <system-out/>
  <testcase name="hotelselectionTest" time="40.950" classname="com.testcases.Hotel_SearchTest"/>
  <system-out/>
  <testcase name="hotelbookTest" time="45.199" classname="com.testcases.Hotel_SearchTest"/>
  <system-out/>
  <testcase name="invalidfirstnameTest" time="44.272" classname="com.testcases.Hotel_SearchTest"/>
  <system-out/>
  <testcase name="invalidlastnameTest" time="42.517" classname="com.testcases.Hotel_SearchTest"/>
  <system-out/>
  <testcase name="invalidmailTest" time="50.752" classname="com.testcases.Hotel_SearchTest"/>
  <system-out/>
</testsuite> <!-- com.testcases.Hotel_SearchTest -->
