<?xml version="1.0" encoding="UTF-8"?>
<!-- Generated by org.testng.reporters.JUnitReportReporter -->
<testsuite skipped="0" hostname="DESKTOP-VJ143UQ" name="com.testcases.LoginTestPage" tests="5" failures="0" timestamp="2021-12-07T08:42:55 IST" time="74.364" errors="0">
  <testcase name="validateTitleTest" time="11.747" classname="com.testcases.LoginTestPage"/>
  <system-out/>
  <testcase name="validateLoginTest" time="18.561" classname="com.testcases.LoginTestPage"/>
  <system-out/>
  <testcase name="validateLogin2Test" time="14.859" classname="com.testcases.LoginTestPage"/>
  <system-out/>
  <testcase name="validatelogin3" time="14.664" classname="com.testcases.LoginTestPage"/>
  <system-out/>
  <testcase name="validatelogin4" time="14.533" classname="com.testcases.LoginTestPage"/>
  <system-out/>
</testsuite> <!-- com.testcases.LoginTestPage -->
